/home/imdaveho/.rbenv/versions/2.2.3/bin/ruby -r ./siteconf20151016-875-gixpic.rb extconf.rb
creating Makefile

make "DESTDIR=" clean

make "DESTDIR="
compiling native.c
native.c: In function 'rb_object_id_generator_next':
native.c:277:3: warning: ISO C90 forbids mixed declarations and code [-Wdeclaration-after-statement]
   unsigned long c;
   ^
native.c: In function 'Init_native':
native.c:686:3: warning: ISO C90 forbids mixed declarations and code [-Wdeclaration-after-statement]
   VALUE digest_class = rb_const_get(rb_cObject, rb_intern("Digest"));
   ^
native.c:692:3: warning: ISO C90 forbids mixed declarations and code [-Wdeclaration-after-statement]
   char rb_bson_machine_id[256];
   ^
native.c:693:3: warning: implicit declaration of function 'gethostname' [-Wimplicit-function-declaration]
   gethostname(rb_bson_machine_id, sizeof rb_bson_machine_id);
   ^
native.c:695:3: warning: ISO C90 forbids mixed declarations and code [-Wdeclaration-after-statement]
   VALUE digest = rb_funcall(md5_class, rb_intern("digest"), 1, rb_str_new2(rb_bson_machine_id));
   ^
linking shared-object native.so

make "DESTDIR=" install
/usr/bin/install -c -m 0755 native.so ./.gem.20151016-875-1s7yjk9
